<?xml version="1.0" encoding="UTF-8"?>
<testsuite name="test.HandlingServiceTest" tests="4" skipped="0" failures="0" errors="0" timestamp="2025-04-17T10:41:37" hostname="DMITRIY" time="0.105">
  <properties/>
  <testcase name="getListHandlingByCarId_shouldReturnList()" classname="test.HandlingServiceTest" time="0.092"/>
  <testcase name="removeHandling_shouldDeleteHandling()" classname="test.HandlingServiceTest" time="0.003"/>
  <testcase name="getListHandling_shouldReturnAll()" classname="test.HandlingServiceTest" time="0.004"/>
  <testcase name="addHandling_shouldSaveAndReturnHandling()" classname="test.HandlingServiceTest" time="0.004"/>
  <system-out><![CDATA[]]></system-out>
  <system-err><![CDATA[]]></system-err>
</testsuite>
